<?xml version="1.0" encoding="UTF-8"?>
<robot generator="Robot 4.1.2 (Python 3.8.10 on linux)" generated="20211214 12:34:40.609" rpa="false" schemaversion="2">
<suite id="s1" name="Test" source="/home/adla/PycharmProjects/Demo/test.robot">
<test id="s1-t1" name="Open Deriv">
<kw name="Login" library="common">
<arg>${my_email}</arg>
<arg>${my_pw}</arg>
<kw name="Open Browser" library="SeleniumLibrary">
<arg>url=https://app.deriv.com</arg>
<arg>browser=chrome</arg>
<doc>Opens a new browser instance to the optional ``url``.</doc>
<msg timestamp="20211214 12:34:40.693" level="INFO">Opening browser 'chrome' to base url 'https://app.deriv.com'.</msg>
<status status="PASS" starttime="20211214 12:34:40.692" endtime="20211214 12:34:49.179"/>
</kw>
<kw name="Wait Until Page Does Not Contain Element" library="SeleniumLibrary">
<arg>dt_core_header_acc-info-preloader</arg>
<arg>60</arg>
<doc>Waits until the element ``locator`` disappears from the current page.</doc>
<status status="PASS" starttime="20211214 12:34:49.179" endtime="20211214 12:34:49.193"/>
</kw>
<kw name="Wait Until Page Contains Element" library="SeleniumLibrary">
<arg>${login_btn}</arg>
<arg>60</arg>
<doc>Waits until the element ``locator`` appears on the current page.</doc>
<status status="PASS" starttime="20211214 12:34:49.194" endtime="20211214 12:34:49.203"/>
</kw>
<kw name="Click Element" library="SeleniumLibrary">
<arg>${login_btn}</arg>
<doc>Click the element identified by ``locator``.</doc>
<msg timestamp="20211214 12:34:49.203" level="INFO">Clicking element 'dt_login_button'.</msg>
<status status="PASS" starttime="20211214 12:34:49.203" endtime="20211214 12:34:49.244"/>
</kw>
<kw name="Wait Until Page Contains Element" library="SeleniumLibrary">
<arg>${email_field}</arg>
<arg>15</arg>
<doc>Waits until the element ``locator`` appears on the current page.</doc>
<status status="PASS" starttime="20211214 12:34:49.244" endtime="20211214 12:34:51.913"/>
</kw>
<kw name="Input Text" library="SeleniumLibrary">
<arg>${email_field}</arg>
<arg>${email}</arg>
<doc>Types the given ``text`` into the text field identified by ``locator``.</doc>
<msg timestamp="20211214 12:34:51.914" level="INFO">Typing text 'adla@besquare.com.my' into text field 'name=email'.</msg>
<status status="PASS" starttime="20211214 12:34:51.914" endtime="20211214 12:34:51.961"/>
</kw>
<kw name="Input Text" library="SeleniumLibrary">
<arg>${pw_field}</arg>
<arg>${pw}</arg>
<doc>Types the given ``text`` into the text field identified by ``locator``.</doc>
<msg timestamp="20211214 12:34:51.962" level="INFO">Typing text 'Jeond333n@97' into text field '//*[@type="password"]'.</msg>
<status status="PASS" starttime="20211214 12:34:51.961" endtime="20211214 12:34:52.013"/>
</kw>
<kw name="Click Element" library="SeleniumLibrary">
<arg>${login_oauth_btn}</arg>
<doc>Click the element identified by ``locator``.</doc>
<msg timestamp="20211214 12:34:52.013" level="INFO">Clicking element '//*[text()="Log in"]'.</msg>
<status status="PASS" starttime="20211214 12:34:52.013" endtime="20211214 12:34:55.954"/>
</kw>
<kw name="Wait Until Page Does Not Contain Element" library="SeleniumLibrary">
<arg>dt_core_header_acc-info-preloader</arg>
<arg>60</arg>
<doc>Waits until the element ``locator`` disappears from the current page.</doc>
<status status="PASS" starttime="20211214 12:34:55.955" endtime="20211214 12:34:58.781"/>
</kw>
<kw name="Click Element" library="SeleniumLibrary">
<arg>${acc_btn}</arg>
<doc>Click the element identified by ``locator``.</doc>
<msg timestamp="20211214 12:34:58.782" level="INFO">Clicking element 'dt_core_account-info_acc-info'.</msg>
<status status="PASS" starttime="20211214 12:34:58.782" endtime="20211214 12:34:58.836"/>
</kw>
<kw name="Click Element" library="SeleniumLibrary">
<arg>${demo_acc}</arg>
<doc>Click the element identified by ``locator``.</doc>
<msg timestamp="20211214 12:34:58.837" level="INFO">Clicking element 'dt_core_account-switcher_demo-tab'.</msg>
<status status="PASS" starttime="20211214 12:34:58.836" endtime="20211214 12:34:58.908"/>
</kw>
<kw name="Click Element" library="SeleniumLibrary">
<arg>${acc_field}</arg>
<doc>Click the element identified by ``locator``.</doc>
<msg timestamp="20211214 12:34:58.908" level="INFO">Clicking element '//*[@id="dt_VRTC4795338"]/span'.</msg>
<status status="PASS" starttime="20211214 12:34:58.908" endtime="20211214 12:34:59.060"/>
</kw>
<status status="PASS" starttime="20211214 12:34:40.692" endtime="20211214 12:34:59.060"/>
</kw>
<kw name="RiseContract" library="common">
<kw name="Wait Until Page Does Not Contain Element" library="SeleniumLibrary">
<arg>dt_core_header_acc-info-preloader</arg>
<arg>60</arg>
<doc>Waits until the element ``locator`` disappears from the current page.</doc>
<status status="PASS" starttime="20211214 12:34:59.061" endtime="20211214 12:35:02.940"/>
</kw>
<kw name="Wait Until Page Contains Element" library="SeleniumLibrary">
<arg>${index_btn}</arg>
<arg>100</arg>
<doc>Waits until the element ``locator`` appears on the current page.</doc>
<status status="PASS" starttime="20211214 12:35:02.940" endtime="20211214 12:35:02.949"/>
</kw>
<kw name="Click Element" library="SeleniumLibrary">
<arg>${index_btn}</arg>
<doc>Click the element identified by ``locator``.</doc>
<msg timestamp="20211214 12:35:02.949" level="INFO">Clicking element '//*[@id="trade"]/div/div[1]/div/div/div[1]/div[1]/div/div[1]/div'.</msg>
<status status="PASS" starttime="20211214 12:35:02.949" endtime="20211214 12:35:02.989"/>
</kw>
<kw name="Click Element" library="SeleniumLibrary">
<arg>${synthetic_indices}</arg>
<doc>Click the element identified by ``locator``.</doc>
<msg timestamp="20211214 12:35:02.989" level="INFO">Clicking element '//*[@id="trade"]/div/div[1]/div/div/div[1]/div[1]/div/div[2]/div/div/div[1]/div[2]/div/div[2]'.</msg>
<status status="PASS" starttime="20211214 12:35:02.989" endtime="20211214 12:35:03.338"/>
</kw>
<kw name="Click Element" library="SeleniumLibrary">
<arg>${indices_1s}</arg>
<doc>Click the element identified by ``locator``.</doc>
<msg timestamp="20211214 12:35:03.338" level="INFO">Clicking element '//*[@id="trade"]/div/div[1]/div/div/div[1]/div[1]/div/div[2]/div/div/div[2]/div[2]/div/div[2]/div[1]/div[2]/div[1]'.</msg>
<status status="PASS" starttime="20211214 12:35:03.338" endtime="20211214 12:35:03.474"/>
</kw>
<kw name="Wait Until Page Does Not Contain Element" library="SeleniumLibrary">
<arg>${pageloader}</arg>
<arg>60</arg>
<doc>Waits until the element ``locator`` disappears from the current page.</doc>
<status status="PASS" starttime="20211214 12:35:03.474" endtime="20211214 12:35:04.770"/>
</kw>
<kw name="Wait Until Page Contains Element" library="SeleniumLibrary">
<arg>${rise_btn}</arg>
<arg>60</arg>
<doc>Waits until the element ``locator`` appears on the current page.</doc>
<status status="PASS" starttime="20211214 12:35:04.770" endtime="20211214 12:35:04.777"/>
</kw>
<kw name="Click Element" library="SeleniumLibrary">
<arg>${rise_btn}</arg>
<doc>Click the element identified by ``locator``.</doc>
<msg timestamp="20211214 12:35:04.778" level="INFO">Clicking element '//*[@id="trade_container"]/div[4]/div/div/fieldset[1]/div/div[2]'.</msg>
<status status="PASS" starttime="20211214 12:35:04.778" endtime="20211214 12:35:05.255"/>
</kw>
<status status="PASS" starttime="20211214 12:34:59.060" endtime="20211214 12:35:05.255"/>
</kw>
<kw name="BarrierErrorContract" library="common">
<kw name="Wait Until Page Does Not Contain Element" library="SeleniumLibrary">
<arg>dt_core_header_acc-info-preloader</arg>
<arg>60</arg>
<doc>Waits until the element ``locator`` disappears from the current page.</doc>
<status status="PASS" starttime="20211214 12:35:05.256" endtime="20211214 12:35:05.265"/>
</kw>
<kw name="Wait Until Page Contains Element" library="SeleniumLibrary">
<arg>${index_btn}</arg>
<arg>100</arg>
<doc>Waits until the element ``locator`` appears on the current page.</doc>
<status status="PASS" starttime="20211214 12:35:05.265" endtime="20211214 12:35:05.272"/>
</kw>
<kw name="Click Element" library="SeleniumLibrary">
<arg>${index_btn}</arg>
<doc>Click the element identified by ``locator``.</doc>
<msg timestamp="20211214 12:35:05.272" level="INFO">Clicking element '//*[@id="trade"]/div/div[1]/div/div/div[1]/div[1]/div/div[1]/div'.</msg>
<status status="PASS" starttime="20211214 12:35:05.272" endtime="20211214 12:35:05.335"/>
</kw>
<kw name="Click Element" library="SeleniumLibrary">
<arg>${forex_btn}</arg>
<doc>Click the element identified by ``locator``.</doc>
<msg timestamp="20211214 12:35:05.336" level="INFO">Clicking element '//*[@id="trade"]/div/div[1]/div/div/div[1]/div[1]/div/div[2]/div/div/div[1]/div[2]/div/div[3]'.</msg>
<status status="PASS" starttime="20211214 12:35:05.336" endtime="20211214 12:35:05.671"/>
</kw>
<kw name="Click Element" library="SeleniumLibrary">
<arg>${aud_aus}</arg>
<doc>Click the element identified by ``locator``.</doc>
<msg timestamp="20211214 12:35:05.672" level="INFO">Clicking element '//*[@id="trade"]/div/div[1]/div/div/div[1]/div[1]/div/div[2]/div/div/div[2]/div[2]/div/div[3]/div[1]/div[3]/div[1]'.</msg>
<status status="PASS" starttime="20211214 12:35:05.672" endtime="20211214 12:35:05.769"/>
</kw>
<kw name="Wait Until Page Contains Element" library="SeleniumLibrary">
<arg>${type_btn}</arg>
<arg>60</arg>
<doc>Waits until the element ``locator`` appears on the current page.</doc>
<status status="PASS" starttime="20211214 12:35:05.769" endtime="20211214 12:35:06.307"/>
</kw>
<kw name="Click Element" library="SeleniumLibrary">
<arg>${type_btn}</arg>
<doc>Click the element identified by ``locator``.</doc>
<msg timestamp="20211214 12:35:06.307" level="INFO">Clicking element '//*[@id="dt_contract_dropdown"]/div'.</msg>
<status status="PASS" starttime="20211214 12:35:06.307" endtime="20211214 12:35:06.354"/>
</kw>
<kw name="Click Element" library="SeleniumLibrary">
<arg>${options_btn}</arg>
<doc>Click the element identified by ``locator``.</doc>
<msg timestamp="20211214 12:35:06.355" level="INFO">Clicking element '//*[@id="dc_options_link"]'.</msg>
<status status="PASS" starttime="20211214 12:35:06.355" endtime="20211214 12:35:06.473"/>
</kw>
<kw name="Click Element" library="SeleniumLibrary">
<arg>${type_higher}</arg>
<doc>Click the element identified by ``locator``.</doc>
<msg timestamp="20211214 12:35:06.474" level="INFO">Clicking element '//*[@id="dt_contract_high_low_item"]'.</msg>
<status status="PASS" starttime="20211214 12:35:06.473" endtime="20211214 12:35:06.662"/>
</kw>
<kw name="ClearInputField" library="common">
<arg>${duration_field}</arg>
<kw name="Wait Until Page Contains Element" library="SeleniumLibrary">
<arg>${input_field}</arg>
<arg>5</arg>
<doc>Waits until the element ``locator`` appears on the current page.</doc>
<status status="PASS" starttime="20211214 12:35:06.663" endtime="20211214 12:35:06.686"/>
</kw>
<kw name="Get Element Attribute" library="SeleniumLibrary">
<var>${current_value}</var>
<arg>${input_field}</arg>
<arg>value</arg>
<doc>Returns the value of ``attribute`` from the element ``locator``.</doc>
<msg timestamp="20211214 12:35:06.702" level="INFO">${current_value} = 1</msg>
<status status="PASS" starttime="20211214 12:35:06.686" endtime="20211214 12:35:06.702"/>
</kw>
<kw name="Get Length" library="BuiltIn">
<var>${value_length}</var>
<arg>${current_value}</arg>
<doc>Returns and logs the length of the given item as an integer.</doc>
<msg timestamp="20211214 12:35:06.702" level="INFO">Length is 1</msg>
<msg timestamp="20211214 12:35:06.702" level="INFO">${value_length} = 1</msg>
<status status="PASS" starttime="20211214 12:35:06.702" endtime="20211214 12:35:06.702"/>
</kw>
<kw name="Repeat Keyword" library="BuiltIn">
<arg>${value_length}</arg>
<arg>Press Keys</arg>
<arg>${input_field}</arg>
<arg>BACKSPACE</arg>
<doc>Executes the specified keyword multiple times.</doc>
<msg timestamp="20211214 12:35:06.703" level="INFO">Repeating keyword, round 1/1.</msg>
<kw name="Press Keys" library="SeleniumLibrary">
<arg>${input_field}</arg>
<arg>BACKSPACE</arg>
<doc>Simulates the user pressing key(s) to an element or on the active browser.</doc>
<msg timestamp="20211214 12:35:06.703" level="INFO">Sending key(s) ('BACKSPACE',) to //*[@id="dt_simple_duration_datepicker"]/div/div[1]/input element.</msg>
<msg timestamp="20211214 12:35:07.003" level="INFO">Pressing special key BACKSPACE to element.</msg>
<msg timestamp="20211214 12:35:07.003" level="INFO">Releasing special key BACKSPACE.</msg>
<status status="PASS" starttime="20211214 12:35:06.703" endtime="20211214 12:35:07.052"/>
</kw>
<status status="PASS" starttime="20211214 12:35:06.702" endtime="20211214 12:35:07.052"/>
</kw>
<kw name="Repeat Keyword" library="BuiltIn">
<arg>1</arg>
<arg>Press Keys</arg>
<arg>${input_field}</arg>
<arg>DELETE</arg>
<doc>Executes the specified keyword multiple times.</doc>
<msg timestamp="20211214 12:35:07.052" level="INFO">Repeating keyword, round 1/1.</msg>
<kw name="Press Keys" library="SeleniumLibrary">
<arg>${input_field}</arg>
<arg>DELETE</arg>
<doc>Simulates the user pressing key(s) to an element or on the active browser.</doc>
<msg timestamp="20211214 12:35:07.053" level="INFO">Sending key(s) ('DELETE',) to //*[@id="dt_simple_duration_datepicker"]/div/div[1]/input element.</msg>
<msg timestamp="20211214 12:35:07.362" level="INFO">Pressing special key DELETE to element.</msg>
<msg timestamp="20211214 12:35:07.363" level="INFO">Releasing special key DELETE.</msg>
<status status="PASS" starttime="20211214 12:35:07.052" endtime="20211214 12:35:07.369"/>
</kw>
<status status="PASS" starttime="20211214 12:35:07.052" endtime="20211214 12:35:07.369"/>
</kw>
<status status="PASS" starttime="20211214 12:35:06.663" endtime="20211214 12:35:07.369"/>
</kw>
<kw name="Input Text" library="SeleniumLibrary">
<arg>${duration_field}</arg>
<arg>2</arg>
<doc>Types the given ``text`` into the text field identified by ``locator``.</doc>
<msg timestamp="20211214 12:35:07.370" level="INFO">Typing text '2' into text field '//*[@id="dt_simple_duration_datepicker"]/div/div[1]/input'.</msg>
<status status="PASS" starttime="20211214 12:35:07.369" endtime="20211214 12:35:07.483"/>
</kw>
<kw name="ClearInputField" library="common">
<arg>${barrier_field}</arg>
<kw name="Wait Until Page Contains Element" library="SeleniumLibrary">
<arg>${input_field}</arg>
<arg>5</arg>
<doc>Waits until the element ``locator`` appears on the current page.</doc>
<status status="PASS" starttime="20211214 12:35:07.484" endtime="20211214 12:35:07.496"/>
</kw>
<kw name="Get Element Attribute" library="SeleniumLibrary">
<var>${current_value}</var>
<arg>${input_field}</arg>
<arg>value</arg>
<doc>Returns the value of ``attribute`` from the element ``locator``.</doc>
<msg timestamp="20211214 12:35:07.508" level="INFO">${current_value} = 0.71390</msg>
<status status="PASS" starttime="20211214 12:35:07.496" endtime="20211214 12:35:07.508"/>
</kw>
<kw name="Get Length" library="BuiltIn">
<var>${value_length}</var>
<arg>${current_value}</arg>
<doc>Returns and logs the length of the given item as an integer.</doc>
<msg timestamp="20211214 12:35:07.509" level="INFO">Length is 7</msg>
<msg timestamp="20211214 12:35:07.509" level="INFO">${value_length} = 7</msg>
<status status="PASS" starttime="20211214 12:35:07.509" endtime="20211214 12:35:07.509"/>
</kw>
<kw name="Repeat Keyword" library="BuiltIn">
<arg>${value_length}</arg>
<arg>Press Keys</arg>
<arg>${input_field}</arg>
<arg>BACKSPACE</arg>
<doc>Executes the specified keyword multiple times.</doc>
<msg timestamp="20211214 12:35:07.509" level="INFO">Repeating keyword, round 1/7.</msg>
<kw name="Press Keys" library="SeleniumLibrary">
<arg>${input_field}</arg>
<arg>BACKSPACE</arg>
<doc>Simulates the user pressing key(s) to an element or on the active browser.</doc>
<msg timestamp="20211214 12:35:07.509" level="INFO">Sending key(s) ('BACKSPACE',) to //*[@id="dt_barrier_1_input"] element.</msg>
<msg timestamp="20211214 12:35:07.840" level="INFO">Pressing special key BACKSPACE to element.</msg>
<msg timestamp="20211214 12:35:07.840" level="INFO">Releasing special key BACKSPACE.</msg>
<status status="PASS" starttime="20211214 12:35:07.509" endtime="20211214 12:35:07.921"/>
</kw>
<msg timestamp="20211214 12:35:07.922" level="INFO">Repeating keyword, round 2/7.</msg>
<kw name="Press Keys" library="SeleniumLibrary">
<arg>${input_field}</arg>
<arg>BACKSPACE</arg>
<doc>Simulates the user pressing key(s) to an element or on the active browser.</doc>
<msg timestamp="20211214 12:35:07.922" level="INFO">Sending key(s) ('BACKSPACE',) to //*[@id="dt_barrier_1_input"] element.</msg>
<msg timestamp="20211214 12:35:08.217" level="INFO">Pressing special key BACKSPACE to element.</msg>
<msg timestamp="20211214 12:35:08.217" level="INFO">Releasing special key BACKSPACE.</msg>
<status status="PASS" starttime="20211214 12:35:07.922" endtime="20211214 12:35:08.240"/>
</kw>
<msg timestamp="20211214 12:35:08.241" level="INFO">Repeating keyword, round 3/7.</msg>
<kw name="Press Keys" library="SeleniumLibrary">
<arg>${input_field}</arg>
<arg>BACKSPACE</arg>
<doc>Simulates the user pressing key(s) to an element or on the active browser.</doc>
<msg timestamp="20211214 12:35:08.242" level="INFO">Sending key(s) ('BACKSPACE',) to //*[@id="dt_barrier_1_input"] element.</msg>
<msg timestamp="20211214 12:35:08.514" level="INFO">Pressing special key BACKSPACE to element.</msg>
<msg timestamp="20211214 12:35:08.514" level="INFO">Releasing special key BACKSPACE.</msg>
<status status="PASS" starttime="20211214 12:35:08.241" endtime="20211214 12:35:08.537"/>
</kw>
<msg timestamp="20211214 12:35:08.537" level="INFO">Repeating keyword, round 4/7.</msg>
<kw name="Press Keys" library="SeleniumLibrary">
<arg>${input_field}</arg>
<arg>BACKSPACE</arg>
<doc>Simulates the user pressing key(s) to an element or on the active browser.</doc>
<msg timestamp="20211214 12:35:08.538" level="INFO">Sending key(s) ('BACKSPACE',) to //*[@id="dt_barrier_1_input"] element.</msg>
<msg timestamp="20211214 12:35:08.807" level="INFO">Pressing special key BACKSPACE to element.</msg>
<msg timestamp="20211214 12:35:08.807" level="INFO">Releasing special key BACKSPACE.</msg>
<status status="PASS" starttime="20211214 12:35:08.537" endtime="20211214 12:35:08.830"/>
</kw>
<msg timestamp="20211214 12:35:08.830" level="INFO">Repeating keyword, round 5/7.</msg>
<kw name="Press Keys" library="SeleniumLibrary">
<arg>${input_field}</arg>
<arg>BACKSPACE</arg>
<doc>Simulates the user pressing key(s) to an element or on the active browser.</doc>
<msg timestamp="20211214 12:35:08.831" level="INFO">Sending key(s) ('BACKSPACE',) to //*[@id="dt_barrier_1_input"] element.</msg>
<msg timestamp="20211214 12:35:09.116" level="INFO">Pressing special key BACKSPACE to element.</msg>
<msg timestamp="20211214 12:35:09.117" level="INFO">Releasing special key BACKSPACE.</msg>
<status status="PASS" starttime="20211214 12:35:08.830" endtime="20211214 12:35:09.139"/>
</kw>
<msg timestamp="20211214 12:35:09.139" level="INFO">Repeating keyword, round 6/7.</msg>
<kw name="Press Keys" library="SeleniumLibrary">
<arg>${input_field}</arg>
<arg>BACKSPACE</arg>
<doc>Simulates the user pressing key(s) to an element or on the active browser.</doc>
<msg timestamp="20211214 12:35:09.140" level="INFO">Sending key(s) ('BACKSPACE',) to //*[@id="dt_barrier_1_input"] element.</msg>
<msg timestamp="20211214 12:35:09.411" level="INFO">Pressing special key BACKSPACE to element.</msg>
<msg timestamp="20211214 12:35:09.411" level="INFO">Releasing special key BACKSPACE.</msg>
<status status="PASS" starttime="20211214 12:35:09.139" endtime="20211214 12:35:09.436"/>
</kw>
<msg timestamp="20211214 12:35:09.436" level="INFO">Repeating keyword, round 7/7.</msg>
<kw name="Press Keys" library="SeleniumLibrary">
<arg>${input_field}</arg>
<arg>BACKSPACE</arg>
<doc>Simulates the user pressing key(s) to an element or on the active browser.</doc>
<msg timestamp="20211214 12:35:09.437" level="INFO">Sending key(s) ('BACKSPACE',) to //*[@id="dt_barrier_1_input"] element.</msg>
<msg timestamp="20211214 12:35:09.705" level="INFO">Pressing special key BACKSPACE to element.</msg>
<msg timestamp="20211214 12:35:09.705" level="INFO">Releasing special key BACKSPACE.</msg>
<status status="PASS" starttime="20211214 12:35:09.436" endtime="20211214 12:35:09.753"/>
</kw>
<status status="PASS" starttime="20211214 12:35:07.509" endtime="20211214 12:35:09.753"/>
</kw>
<kw name="Repeat Keyword" library="BuiltIn">
<arg>1</arg>
<arg>Press Keys</arg>
<arg>${input_field}</arg>
<arg>DELETE</arg>
<doc>Executes the specified keyword multiple times.</doc>
<msg timestamp="20211214 12:35:09.753" level="INFO">Repeating keyword, round 1/1.</msg>
<kw name="Press Keys" library="SeleniumLibrary">
<arg>${input_field}</arg>
<arg>DELETE</arg>
<doc>Simulates the user pressing key(s) to an element or on the active browser.</doc>
<msg timestamp="20211214 12:35:09.753" level="INFO">Sending key(s) ('DELETE',) to //*[@id="dt_barrier_1_input"] element.</msg>
<msg timestamp="20211214 12:35:10.030" level="INFO">Pressing special key DELETE to element.</msg>
<msg timestamp="20211214 12:35:10.031" level="INFO">Releasing special key DELETE.</msg>
<status status="PASS" starttime="20211214 12:35:09.753" endtime="20211214 12:35:10.038"/>
</kw>
<status status="PASS" starttime="20211214 12:35:09.753" endtime="20211214 12:35:10.038"/>
</kw>
<status status="PASS" starttime="20211214 12:35:07.483" endtime="20211214 12:35:10.039"/>
</kw>
<kw name="Input Text" library="SeleniumLibrary">
<arg>${barrier_field}</arg>
<arg>90</arg>
<doc>Types the given ``text`` into the text field identified by ``locator``.</doc>
<msg timestamp="20211214 12:35:10.039" level="INFO">Typing text '90' into text field '//*[@id="dt_barrier_1_input"]'.</msg>
<status status="PASS" starttime="20211214 12:35:10.039" endtime="20211214 12:35:10.138"/>
</kw>
<status status="PASS" starttime="20211214 12:35:05.256" endtime="20211214 12:35:10.138"/>
</kw>
<status status="PASS" starttime="20211214 12:34:40.692" endtime="20211214 12:35:10.138"/>
</test>
<status status="PASS" starttime="20211214 12:34:40.610" endtime="20211214 12:35:10.139"/>
</suite>
<statistics>
<total>
<stat pass="1" fail="0" skip="0">All Tests</stat>
</total>
<tag>
</tag>
<suite>
<stat pass="1" fail="0" skip="0" id="s1" name="Test">Test</stat>
</suite>
</statistics>
<errors>
</errors>
</robot>
